[debug] [2025-05-26T12:34:41.388Z] ----------------------------------------------------------------------
[debug] [2025-05-26T12:34:41.391Z] Command:       C:\Program Files\nodejs\node.exe C:\Users\zhsks\AppData\Roaming\npm\node_modules\firebase-tools\lib\bin\firebase.js init
[debug] [2025-05-26T12:34:41.391Z] CLI Version:   14.4.0
[debug] [2025-05-26T12:34:41.391Z] Platform:      win32
[debug] [2025-05-26T12:34:41.392Z] Node Version:  v22.14.0
[debug] [2025-05-26T12:34:41.392Z] Time:          Mon May 26 2025 21:34:41 GMT+0900 (대한민국 표준시)
[debug] [2025-05-26T12:34:41.392Z] ----------------------------------------------------------------------
[debug] 
[debug] [2025-05-26T12:34:41.394Z] >>> [apiv2][query] GET https://firebase-public.firebaseio.com/cli.json [none]
[debug] [2025-05-26T12:34:41.570Z] > command requires scopes: ["email","openid","https://www.googleapis.com/auth/cloudplatformprojects.readonly","https://www.googleapis.com/auth/firebase","https://www.googleapis.com/auth/cloud-platform"]
[debug] [2025-05-26T12:34:41.570Z] > authorizing via signed-in user (zhsks220@gmail.com)
[info] 
     ######## #### ########  ######## ########     ###     ######  ########
     ##        ##  ##     ## ##       ##     ##  ##   ##  ##       ##
     ######    ##  ########  ######   ########  #########  ######  ######
     ##        ##  ##    ##  ##       ##     ## ##     ##       ## ##
     ##       #### ##     ## ######## ########  ##     ##  ######  ########

You're about to initialize a Firebase project in this directory:

  C:\Users\zhsks\Desktop\gwesik-web

Before we get started, keep in mind:

  * You are initializing within an existing Firebase project directory

[debug] [2025-05-26T12:34:41.953Z] <<< [apiv2][status] GET https://firebase-public.firebaseio.com/cli.json 200
[debug] [2025-05-26T12:34:41.953Z] <<< [apiv2][body] GET https://firebase-public.firebaseio.com/cli.json {"cloudBuildErrorAfter":1594252800000,"cloudBuildWarnAfter":1590019200000,"defaultNode10After":1594252800000,"minVersion":"3.0.5","node8DeploysDisabledAfter":1613390400000,"node8RuntimeDisabledAfter":1615809600000,"node8WarnAfter":1600128000000}
